<?xml version="1.0" encoding="UTF-8"?>
<!-- Generated by org.testng.reporters.JUnitReportReporter -->
<testsuite hostname="DESKTOP-DBBOB58" failures="0" tests="1" name="AsserNotEqualsClass" time="0.014" errors="0" timestamp="2024-05-27T15:03:06 IST" skipped="0">
  <testcase classname="AsserNotEqualsClass" name="methodOne" time="0.014"/>
</testsuite> <!-- AsserNotEqualsClass -->
