<?xml version="1.0" encoding="UTF-8"?>
<!-- Generated by org.testng.reporters.JUnitReportReporter -->
<testsuite hostname="DESKTOP-DBBOB58" failures="0" tests="4" name="testng_fox.ClassC" time="0.005" errors="0" timestamp="2024-05-27T12:44:16 IST" skipped="0">
  <testcase classname="testng_fox.ClassC" name="methodC4" time="0.002"/>
  <testcase classname="testng_fox.ClassC" name="methodC1" time="0.001"/>
  <testcase classname="testng_fox.ClassC" name="methodC2" time="0.001"/>
  <testcase classname="testng_fox.ClassC" name="methodC3" time="0.001"/>
</testsuite> <!-- testng_fox.ClassC -->
