<?xml version="1.0" encoding="UTF-8"?>
<!-- Generated by org.testng.reporters.JUnitReportReporter -->
<testsuite hostname="DESKTOP-DBBOB58" failures="0" tests="2" name="groups.LoginPage" time="0.003" errors="0" timestamp="2024-05-29T11:24:42 IST" skipped="0">
  <testcase classname="groups.LoginPage" name="testCase_Loginpage" time="0.002"/>
  <testcase classname="groups.LoginPage" name="testCase_Loginpagetwo" time="0.001"/>
</testsuite> <!-- groups.LoginPage -->
