<?xml version="1.0" encoding="UTF-8"?>
<!-- Generated by org.testng.reporters.JUnitReportReporter -->
<testsuite hostname="DESKTOP-DBBOB58" failures="0" tests="1" name="groups.SearchPage" time="0.013" errors="0" timestamp="2024-05-29T11:24:42 IST" skipped="0">
  <testcase classname="groups.SearchPage" name="testCase_Searchpage" time="0.013"/>
</testsuite> <!-- groups.SearchPage -->
