<?xml version="1.0" encoding="UTF-8"?>
<!-- Generated by org.testng.reporters.JUnitReportReporter -->
<testsuite hostname="DESKTOP-DBBOB58" failures="0" tests="1" name="AssertNull" time="0.014" errors="0" timestamp="2024-05-27T15:11:33 IST" skipped="0">
  <testcase classname="AssertNull" name="MethodFour" time="0.014"/>
</testsuite> <!-- AssertNull -->
