<?xml version="1.0" encoding="UTF-8"?>
<!-- Generated by org.testng.reporters.JUnitReportReporter -->
<testsuite hostname="DESKTOP-DBBOB58" failures="0" tests="6" name="testNG_Annotations.TestNG_Annotations" time="27.224" errors="0" timestamp="2024-05-28T15:33:49 IST" skipped="0">
  <testcase classname="testNG_Annotations.TestNG_Annotations" name="VerifyUserAbleToLoginWithValidCredentials" time="4.438"/>
  <testcase classname="testNG_Annotations.TestNG_Annotations" name="VerifyUserAbleToLoginWithValidCredentials" time="4.509"/>
  <testcase classname="testNG_Annotations.TestNG_Annotations" name="VerifyUserUnableToLoginWithinInvalidUserNameAndValidPassword" time="4.957"/>
  <testcase classname="testNG_Annotations.TestNG_Annotations" name="VerifyUserUnableToLoginWithValidUsernameAndInvalidPassword" time="3.485"/>
  <testcase classname="testNG_Annotations.TestNG_Annotations" name="VerifyUserUnableToLoginWithBlankUsernameAndPassword" time="3.358"/>
  <testcase classname="testNG_Annotations.TestNG_Annotations" name="VerifyUserUnableToLoginWithInvalidUserNameAndPassword" time="6.477"/>
</testsuite> <!-- testNG_Annotations.TestNG_Annotations -->
