<?xml version="1.0" encoding="UTF-8"?>
<!-- Generated by org.testng.reporters.JUnitReportReporter -->
<testsuite hostname="DESKTOP-DBBOB58" failures="0" tests="3" name="enabled_disabled_Atrribute.EnabledInMethods" time="5.485" errors="0" timestamp="2024-05-28T18:42:38 IST" skipped="2">
  <testcase classname="enabled_disabled_Atrribute.EnabledInMethods" name="VerifyUserAbleToLoginWithValidCredentials" time="5.485"/>
  <testcase classname="enabled_disabled_Atrribute.EnabledInMethods" name="VerifyUserAbleToLoginWithValidCredentials1">
    <skipped/>
  </testcase> <!-- VerifyUserAbleToLoginWithValidCredentials1 -->
  <testcase classname="enabled_disabled_Atrribute.EnabledInMethods" name="VerifyUserAbleToLoginWithValidCredentials2">
    <skipped/>
  </testcase> <!-- VerifyUserAbleToLoginWithValidCredentials2 -->
</testsuite> <!-- enabled_disabled_Atrribute.EnabledInMethods -->
