<?xml version="1.0" encoding="UTF-8"?>
<!-- Generated by org.testng.reporters.JUnitReportReporter -->
<testsuite hostname="DESKTOP-DBBOB58" failures="0" tests="1" name="sub_category_groups.LoginPage" time="0.002" errors="0" timestamp="2024-05-29T13:40:22 IST" skipped="0">
  <testcase classname="sub_category_groups.LoginPage" name="testCase_Loginpage" time="0.002"/>
</testsuite> <!-- sub_category_groups.LoginPage -->
