<?xml version="1.0" encoding="UTF-8"?>
<!-- Generated by org.testng.reporters.JUnitReportReporter -->
<testsuite hostname="DESKTOP-DBBOB58" failures="0" tests="1" name="assertEqualsMethod" time="6.252" errors="0" timestamp="2024-05-27T14:15:12 IST" skipped="0">
  <testcase classname="assertEqualsMethod" name="TestCaseOne" time="6.252"/>
</testsuite> <!-- assertEqualsMethod -->
