<?xml version="1.0" encoding="UTF-8"?>
<!-- Generated by org.testng.reporters.JUnitReportReporter -->
<testsuite hostname="DESKTOP-DBBOB58" failures="0" tests="2" name="testng_fox.TestNG_1_RunTwoTestMethods" time="17.652" errors="0" timestamp="2024-05-27T11:45:09 IST" skipped="0">
  <testcase classname="testng_fox.TestNG_1_RunTwoTestMethods" name="verifyLoginWithValidCredentials" time="9.824"/>
  <testcase classname="testng_fox.TestNG_1_RunTwoTestMethods" name="verifyLoginWithInValidCredentials" time="7.828"/>
</testsuite> <!-- testng_fox.TestNG_1_RunTwoTestMethods -->
