<?xml version="1.0" encoding="UTF-8"?>
<!-- Generated by org.testng.reporters.JUnitReportReporter -->
<testsuite hostname="DESKTOP-DBBOB58" failures="0" tests="1" name="parametersinTestNG_Part11.SingleParameters_SuiteLevel" time="7.261" errors="0" timestamp="2024-05-28T16:33:54 IST" skipped="0">
  <testcase classname="parametersinTestNG_Part11.SingleParameters_SuiteLevel" name="verifyUserAbleToLoginWithValidCredentials" time="7.261"/>
</testsuite> <!-- parametersinTestNG_Part11.SingleParameters_SuiteLevel -->
