<?xml version="1.0" encoding="UTF-8"?>
<!-- Generated by org.testng.reporters.JUnitReportReporter -->
<testsuite hostname="DESKTOP-DBBOB58" failures="0" tests="1" name="Assert_False" time="0.010" errors="0" timestamp="2024-05-27T15:00:39 IST" skipped="0">
  <testcase classname="Assert_False" name="rest" time="0.010"/>
</testsuite> <!-- Assert_False -->
