<?xml version="1.0" encoding="UTF-8"?>
<!-- Generated by org.testng.reporters.JUnitReportReporter -->
<testsuite hostname="DESKTOP-DBBOB58" failures="0" tests="1" name="parametersinTestNG_Part11.OptionalParamter" time="29.572" errors="0" timestamp="2024-05-28T17:33:53 IST" skipped="0">
  <testcase classname="parametersinTestNG_Part11.OptionalParamter" name="verufyUserAbleToLogin" time="29.572"/>
</testsuite> <!-- parametersinTestNG_Part11.OptionalParamter -->
