<?xml version="1.0" encoding="UTF-8"?>
<!-- Generated by org.testng.reporters.JUnitReportReporter -->
<testsuite hostname="DESKTOP-DBBOB58" failures="0" tests="3" name="testng_fox.ClassB" time="0.004" errors="0" timestamp="2024-05-27T12:44:16 IST" skipped="0">
  <testcase classname="testng_fox.ClassB" name="methodB1" time="0.001"/>
  <testcase classname="testng_fox.ClassB" name="methodB2" time="0.001"/>
  <testcase classname="testng_fox.ClassB" name="methodB4" time="0.002"/>
</testsuite> <!-- testng_fox.ClassB -->
