<?xml version="1.0" encoding="UTF-8"?>
<!-- Generated by org.testng.reporters.JUnitReportReporter -->
<testsuite hostname="DESKTOP-DBBOB58" failures="0" tests="3" name="dependsOnMethod.dependsOnMethod" time="8.956" errors="0" timestamp="2024-05-29T15:14:00 IST" skipped="0">
  <testcase classname="dependsOnMethod.dependsOnMethod" name="verifyUserAbleToLogin" time="5.876"/>
  <testcase classname="dependsOnMethod.dependsOnMethod" name="VerifyUserAbleToSearchProduct" time="2.666"/>
  <testcase classname="dependsOnMethod.dependsOnMethod" name="removeTheItemFromCart" time="0.414"/>
</testsuite> <!-- dependsOnMethod.dependsOnMethod -->
