<?xml version="1.0" encoding="UTF-8"?>
<!-- Generated by org.testng.reporters.JUnitReportReporter -->
<testsuite hostname="DESKTOP-DBBOB58" failures="0" tests="1" name="sub_category_groups.SearchPage" time="0.015" errors="0" timestamp="2024-05-29T13:40:22 IST" skipped="0">
  <testcase classname="sub_category_groups.SearchPage" name="testCase_Searchpage" time="0.015"/>
</testsuite> <!-- sub_category_groups.SearchPage -->
