<?xml version="1.0" encoding="UTF-8"?>
<!-- Generated by org.testng.reporters.JUnitReportReporter -->
<testsuite hostname="DESKTOP-DBBOB58" failures="0" tests="1" name="testng_fox.ClassA" time="0.014" errors="0" timestamp="2024-05-27T12:44:16 IST" skipped="0">
  <testcase classname="testng_fox.ClassA" name="methodA1" time="0.014"/>
</testsuite> <!-- testng_fox.ClassA -->
