<?xml version="1.0" encoding="UTF-8"?>
<!-- Generated by org.testng.reporters.JUnitReportReporter -->
<testsuite hostname="DESKTOP-DBBOB58" failures="0" tests="2" name="groups.TestCaseOne" time="0.009" errors="0" timestamp="2024-05-29T12:15:21 IST" skipped="0">
  <testcase classname="groups.TestCaseOne" name="testCase_Loginpage" time="0.004"/>
  <testcase classname="groups.TestCaseOne" name="testCase_Loginpagetwo" time="0.005"/>
</testsuite> <!-- groups.TestCaseOne -->
