<?xml version="1.0" encoding="UTF-8"?>
<!-- Generated by org.testng.reporters.JUnitReportReporter -->
<testsuite hostname="DESKTOP-DBBOB58" failures="0" tests="1" name="fox.NewTest" time="0.036" errors="0" timestamp="2024-05-27T11:16:56 IST" skipped="0">
  <testcase classname="fox.NewTest" name="generateEmailTimeStamp" time="0.036"/>
</testsuite> <!-- fox.NewTest -->
