<?xml version="1.0" encoding="UTF-8"?>
<!-- Generated by org.testng.reporters.JUnitReportReporter -->
<testsuite hostname="DESKTOP-DBBOB58" failures="0" tests="2" name="groups.TestCaseTwo" time="0.029" errors="0" timestamp="2024-05-29T12:15:21 IST" skipped="0">
  <testcase classname="groups.TestCaseTwo" name="testCase_Searchpage" time="0.026"/>
  <testcase classname="groups.TestCaseTwo" name="testCase_Searchpagetwo" time="0.003"/>
</testsuite> <!-- groups.TestCaseTwo -->
